A51 MACRO ASSEMBLER  STARTUP                                                              10/27/2021 13:19:28 PAGE     1


MACRO ASSEMBLER A51 V8.2.7.0
OBJECT MODULE PLACED IN .\Objects\STARTUP.obj
ASSEMBLER INVOKED BY: C:\PIR\Keil_v5\C51\BIN\A51.EXE STARTUP.A51 SET(SMALL) DEBUG PRINT(.\Listings\STARTUP.lst) OBJECT(.
                      \Objects\STARTUP.obj) EP

LOC  OBJ            LINE     SOURCE

----                   1             CSEG    AT      0000H
                       2             
0000 020030            3             LJMP    0030H
                       4             
----                   5             CSEG    AT      000BH
000B 020045            6             LJMP    ISR_TIMER_OVER
                       7             
                       8             
----                   9             CSEG    AT      0030H
                      10             
                      11             
                      12             ; --- INIT ---
0030 120051           13             LCALL   S_INIT_INTERUP
0033 120056           14             LCALL   S_INIT_TIMER_250U
                      15             
0036 759000           16             MOV     P1,#00H
0039 758000           17             MOV     P0,#00H
                      18             
003C 020064           19             LJMP S_ON
                      20     
                      21     
                      22             
003F                  23     END_OF_PROGRAM:
                      24     
003F 758701           25             MOV     PCON,#01H
                      26             
0042 02003F           27             LJMP    END_OF_PROGRAM
                      28             
0045                  29     ISR_TIMER_OVER:
                      30             
0045 DD09             31             DJNZ    R5, ISR_T0_NOT_OVER
0047 7DFA             32             MOV     R5,#0FAH
0049 DE05             33             DJNZ    R6, ISR_T0_NOT_OVER
004B 7EF0             34             MOV     R6,#0F0H
                      35             
004D 12009D           36             LCALL    S_AUTOOFF
                      37             
0050                  38     ISR_T0_NOT_OVER:    
                      39         
0050 32               40             RETI
                      41             
0051                  42     S_INIT_INTERUP:
                      43             
0051 D2AF             44             SETB    EA
0053 D2A9             45             SETB    ET0
                      46             
0055 22               47             RET
                      48     
0056                  49     S_INIT_TIMER_250U:
                      50     
0056 53890F           51             ANL     TMOD, #0FH
0059 438902           52             ORL     TMOD, #00000010B
                      53             
005C 758C06           54             MOV     TH0, #06H
                      55             
                      56             
005F 7DFA             57             MOV     R5,#0FAH  ;250us ESETÉN ÖSSZESEN 240*250 OVERFLOW
A51 MACRO ASSEMBLER  STARTUP                                                              10/27/2021 13:19:28 PAGE     2

0061 7EF0             58             MOV     R6,#0F0H
                      59             
0063 22               60             RET
                      61     
0064                  62     S_ON:
0064 E590             63             MOV     A,P1
0066 540F             64             ANL     A, #00001111B
0068 759000           65             MOV     P1,#0
                      66             
006B A2E0             67             MOV     C,ACC.0
006D 72E1             68             ORL     C,ACC.1
006F 72E2             69             ORL     C,ACC.2
0071 72E3             70             ORL     C,ACC.3
                      71             
0073 E4               72             CLR     A
0074 33               73             RLC     A
                      74             
0075 65F0             75             XRL     A,B
                      76             
0077 B40006           77             CJNE    A,#0,A_NOT_NULL
007A 12008E           78             LCALL   S_LIGHT_OFF
007D 020064           79             LJMP    S_ON
                      80             
0080                  81     A_NOT_NULL:
0080 120086           82             LCALL   S_LIGHT_ON
0083 020064           83             LJMP    S_ON
                      84             
                      85             
0086                  86     S_LIGHT_ON:
0086 75800F           87             MOV     P0,#00001111B
0089 D28C             88             SETB    TR0
                      89             
008B D2F0             90             SETB    B.0
                      91             
008D 22               92             RET
                      93            
008E                  94     S_LIGHT_OFF:
008E 758000           95             MOV     P0,#00H
0091 C2F0             96             CLR     B.0
0093 C28C             97             CLR     TR0
0095 758A00           98             MOV     TL0,#0
                      99             
0098 7DFA            100             MOV     R5,#0FAH  ;250us ESETÉN ÖSSZESEN 240*250 OVERFLOW
009A 7EF0            101             MOV     R6,#0F0H
                     102             
009C 22              103             RET
                     104            
009D                 105     S_AUTOOFF:
                     106     
009D C28C            107             CLR     TR0
009F 758000          108             MOV     P0,#00H
00A2 C2F0            109             CLR     B.0
00A4 758A00          110             MOV     TL0,#0
                     111             
00A7 7DFA            112             MOV     R5,#0FAH  ;250us ESETÉN ÖSSZESEN 240*250 OVERFLOW
00A9 7EF0            113             MOV     R6,#0F0H
                     114             
00AB 22              115             RET
                     116             
                     117             END
                                 
A51 MACRO ASSEMBLER  STARTUP                                                              10/27/2021 13:19:28 PAGE     3

SYMBOL TABLE LISTING
------ ----- -------


N A M E             T Y P E  V A L U E   ATTRIBUTES

ACC. . . . . . . .  D ADDR   00E0H   A   
A_NOT_NULL . . . .  C ADDR   0080H   A   
B. . . . . . . . .  D ADDR   00F0H   A   
EA . . . . . . . .  B ADDR   00A8H.7 A   
END_OF_PROGRAM . .  C ADDR   003FH   A   
ET0. . . . . . . .  B ADDR   00A8H.1 A   
ISR_T0_NOT_OVER. .  C ADDR   0050H   A   
ISR_TIMER_OVER . .  C ADDR   0045H   A   
P0 . . . . . . . .  D ADDR   0080H   A   
P1 . . . . . . . .  D ADDR   0090H   A   
PCON . . . . . . .  D ADDR   0087H   A   
S_AUTOOFF. . . . .  C ADDR   009DH   A   
S_INIT_INTERUP . .  C ADDR   0051H   A   
S_INIT_TIMER_250U.  C ADDR   0056H   A   
S_LIGHT_OFF. . . .  C ADDR   008EH   A   
S_LIGHT_ON . . . .  C ADDR   0086H   A   
S_ON . . . . . . .  C ADDR   0064H   A   
TH0. . . . . . . .  D ADDR   008CH   A   
TL0. . . . . . . .  D ADDR   008AH   A   
TMOD . . . . . . .  D ADDR   0089H   A   
TR0. . . . . . . .  B ADDR   0088H.4 A   


REGISTER BANK(S) USED: 0 


ASSEMBLY COMPLETE.  0 WARNING(S), 0 ERROR(S)
